\BOOKMARK [1][-]{section.1}{Introduction}{}% 1
\BOOKMARK [2][-]{subsection.1.1}{Manifold\040Learning\040Technique}{section.1}% 2
\BOOKMARK [2][-]{subsection.1.2}{Locally\040Linear\040Embedding}{section.1}% 3
\BOOKMARK [1][-]{section.2}{Algorithm}{}% 4
\BOOKMARK [2][-]{subsection.2.1}{Original\040Algorithm}{section.2}% 5
\BOOKMARK [2][-]{subsection.2.2}{Modification}{section.2}% 6
\BOOKMARK [2][-]{subsection.2.3}{Code\040Structure}{section.2}% 7
\BOOKMARK [1][-]{section.3}{Dataset}{}% 8
\BOOKMARK [2][-]{subsection.3.1}{Real\040data}{section.3}% 9
\BOOKMARK [2][-]{subsection.3.2}{Random\040structure}{section.3}% 10
\BOOKMARK [1][-]{section.4}{Experiment\040and\040Trouble}{}% 11
\BOOKMARK [2][-]{subsection.4.1}{Real\040data\040experiment}{section.4}% 12
\BOOKMARK [2][-]{subsection.4.2}{Random\040data\040experiment}{section.4}% 13
\BOOKMARK [1][-]{section.5}{Further\040Attempt\040to\040improve\040LLE}{}% 14
\BOOKMARK [2][-]{subsection.5.1}{Possible\040reasons\040resulting\040failures}{section.5}% 15
\BOOKMARK [2][-]{subsection.5.2}{Analysis}{section.5}% 16
\BOOKMARK [3][-]{subsubsection.5.2.1}{1d3z.pdb}{subsection.5.2}% 17
\BOOKMARK [3][-]{subsubsection.5.2.2}{1ubq.pdb}{subsection.5.2}% 18
\BOOKMARK [3][-]{subsubsection.5.2.3}{1g7k.pdb}{subsection.5.2}% 19
\BOOKMARK [1][-]{section.6}{Conclusion}{}% 20
